<?xml version="1.0" encoding="UTF-8"?>
<testng-results ignored="0" total="1" passed="1" failed="0" skipped="0">
  <reporter-output>
  </reporter-output>
  <suite started-at="2022-04-03T10:50:56 IST" name="Default suite" finished-at="2022-04-03T10:51:10 IST" duration-ms="14251">
    <groups>
    </groups>
    <test started-at="2022-04-03T10:50:56 IST" name="Default test" finished-at="2022-04-03T10:51:10 IST" duration-ms="14251">
      <class name="TestCases.RegisterTC">
        <test-method is-config="true" signature="setup()[pri:0, instance:TestCases.RegisterTC@6a400542]" started-at="2022-04-03T10:50:56 IST" name="setup" finished-at="2022-04-03T10:50:58 IST" duration-ms="2652" status="PASS">
          <reporter-output>
          </reporter-output>
        </test-method> <!-- setup -->
        <test-method signature="registerTest()[pri:0, instance:TestCases.RegisterTC@6a400542]" started-at="2022-04-03T10:50:58 IST" name="registerTest" finished-at="2022-04-03T10:51:09 IST" duration-ms="10903" status="PASS">
          <reporter-output>
          </reporter-output>
        </test-method> <!-- registerTest -->
        <test-method is-config="true" signature="tearDown()[pri:0, instance:TestCases.RegisterTC@6a400542]" started-at="2022-04-03T10:51:09 IST" name="tearDown" finished-at="2022-04-03T10:51:10 IST" duration-ms="671" status="PASS">
          <reporter-output>
          </reporter-output>
        </test-method> <!-- tearDown -->
      </class> <!-- TestCases.RegisterTC -->
    </test> <!-- Default test -->
  </suite> <!-- Default suite -->
</testng-results>
